/Users/kgd/.rvm/gems/ruby-2.3.0/gems/activesupport-4.0.2/lib/active_support/values/time_zone.rb:282: warning: circular argument reference - now
/Users/kgd/.rvm/gems/ruby-2.3.0/gems/activesupport-4.0.2/lib/active_support/values/time_zone.rb:282: warning: circular argument reference - now
/Users/kgd/.rvm/gems/ruby-2.3.0/gems/activesupport-4.0.2/lib/active_support/values/time_zone.rb:282: warning: circular argument reference - now
rake aborted!
NoMethodError: undefined method `[]' for nil:NilClass
/Users/kgd/Desktop/dev/taxsales/app/services/update_zillow.rb:49:in `get_prop_details'
/Users/kgd/Desktop/dev/taxsales/app/services/update_zillow.rb:35:in `block in get_valuation'
/Users/kgd/.rvm/gems/ruby-2.3.0/gems/activerecord-4.0.2/lib/active_record/relation/delegation.rb:13:in `each'
/Users/kgd/.rvm/gems/ruby-2.3.0/gems/activerecord-4.0.2/lib/active_record/relation/delegation.rb:13:in `each'
/Users/kgd/Desktop/dev/taxsales/app/services/update_zillow.rb:20:in `get_valuation'
/Users/kgd/Desktop/dev/taxsales/app/services/update_zillow.rb:9:in `run'
/Users/kgd/Desktop/dev/taxsales/lib/tasks/update_database.rake:17:in `block (2 levels) in <top (required)>'
/Users/kgd/.rvm/gems/ruby-2.3.0/gems/rake-11.2.2/exe/rake:27:in `<top (required)>'
/Users/kgd/.rvm/gems/ruby-2.3.0/bin/ruby_executable_hooks:15:in `eval'
/Users/kgd/.rvm/gems/ruby-2.3.0/bin/ruby_executable_hooks:15:in `<main>'
Tasks: TOP => update:zillow
(See full trace by running task with --trace)
*** Update Zillow ***
*** Update Tax Bill ***
adding defaulted amount
*** END Update Tax Bill ***
*** UpdateAssessment ***
Finding props
getting IP
Mechanizing
proxy connection error
getting IP
Mechanizing
proxy connection error
getting IP
Mechanizing
proxy connection error
getting IP
Mechanizing
proxy connection error
getting IP
Mechanizing
proxy connection error
getting IP
Mechanizing
proxy connection error
getting IP
Mechanizing
proxy connection error
getting IP
Mechanizing
proxy connection error
getting IP
Mechanizing
proxy connection error
getting IP
Mechanizing
proxy connection error
getting IP
Mechanizing
proxy connection error
getting IP
Mechanizing
proxy connection error
getting IP
Mechanizing
adding formatted address
Saving image locally
rake aborted!
NoMethodError: undefined method `latitide=' for #<Property:0x007f909bb897b8>
Did you mean?  latitude=
               latitude
               latitude?
/Users/kgd/.rvm/gems/ruby-2.3.0/gems/activemodel-4.0.2/lib/active_model/attribute_methods.rb:439:in `method_missing'
/Users/kgd/.rvm/gems/ruby-2.3.0/gems/activerecord-4.0.2/lib/active_record/attribute_methods.rb:155:in `method_missing'
/Users/kgd/Desktop/dev/taxsales/app/services/update_assessment.rb:132:in `get_coordinates'
/Users/kgd/Desktop/dev/taxsales/app/services/update_assessment.rb:15:in `block in run'
/Users/kgd/.rvm/gems/ruby-2.3.0/gems/activerecord-4.0.2/lib/active_record/relation/delegation.rb:13:in `each'
/Users/kgd/.rvm/gems/ruby-2.3.0/gems/activerecord-4.0.2/lib/active_record/relation/delegation.rb:13:in `each'
/Users/kgd/Desktop/dev/taxsales/app/services/update_assessment.rb:13:in `run'
/Users/kgd/Desktop/dev/taxsales/lib/tasks/update_database.rake:11:in `block (2 levels) in <top (required)>'
/Users/kgd/.rvm/gems/ruby-2.3.0/gems/rake-11.2.2/exe/rake:27:in `<top (required)>'
/Users/kgd/.rvm/gems/ruby-2.3.0/bin/ruby_executable_hooks:15:in `eval'
/Users/kgd/.rvm/gems/ruby-2.3.0/bin/ruby_executable_hooks:15:in `<main>'
Tasks: TOP => update:assessment
(See full trace by running task with --trace)
/Users/kgd/.rvm/gems/ruby-2.3.0/gems/activesupport-4.0.2/lib/active_support/values/time_zone.rb:282: warning: circular argument reference - now
/Users/kgd/.rvm/gems/ruby-2.3.0/gems/activesupport-4.0.2/lib/active_support/values/time_zone.rb:282: warning: circular argument reference - now
/Users/kgd/.rvm/gems/ruby-2.3.0/gems/activesupport-4.0.2/lib/active_support/values/time_zone.rb:282: warning: circular argument reference - now
rake aborted!
NoMethodError: undefined method `[]' for nil:NilClass
/Users/kgd/Desktop/dev/taxsales/app/services/update_zillow.rb:49:in `get_prop_details'
/Users/kgd/Desktop/dev/taxsales/app/services/update_zillow.rb:35:in `block in get_valuation'
/Users/kgd/.rvm/gems/ruby-2.3.0/gems/activerecord-4.0.2/lib/active_record/relation/delegation.rb:13:in `each'
/Users/kgd/.rvm/gems/ruby-2.3.0/gems/activerecord-4.0.2/lib/active_record/relation/delegation.rb:13:in `each'
/Users/kgd/Desktop/dev/taxsales/app/services/update_zillow.rb:20:in `get_valuation'
/Users/kgd/Desktop/dev/taxsales/app/services/update_zillow.rb:9:in `run'
/Users/kgd/Desktop/dev/taxsales/lib/tasks/update_database.rake:17:in `block (2 levels) in <top (required)>'
/Users/kgd/.rvm/gems/ruby-2.3.0/gems/rake-11.2.2/exe/rake:27:in `<top (required)>'
/Users/kgd/.rvm/gems/ruby-2.3.0/bin/ruby_executable_hooks:15:in `eval'
/Users/kgd/.rvm/gems/ruby-2.3.0/bin/ruby_executable_hooks:15:in `<main>'
Tasks: TOP => update:zillow
(See full trace by running task with --trace)
*** Update Zillow ***
*** Update Tax Bill ***
adding defaulted amount
*** END Update Tax Bill ***
*** UpdateAssessment ***
Finding props
getting IP
Mechanizing
proxy connection error
getting IP
Mechanizing
proxy connection error
getting IP
Mechanizing
proxy connection error
getting IP
Mechanizing
proxy connection error
getting IP
Mechanizing
proxy connection error
getting IP
Mechanizing
adding formatted address
Saving image locally
rake aborted!
NoMethodError: undefined method `latitide=' for #<Property:0x007fe37ba73328>
Did you mean?  latitude=
               latitude
               latitude?
/Users/kgd/.rvm/gems/ruby-2.3.0/gems/activemodel-4.0.2/lib/active_model/attribute_methods.rb:439:in `method_missing'
/Users/kgd/.rvm/gems/ruby-2.3.0/gems/activerecord-4.0.2/lib/active_record/attribute_methods.rb:155:in `method_missing'
/Users/kgd/Desktop/dev/taxsales/app/services/update_assessment.rb:132:in `get_coordinates'
/Users/kgd/Desktop/dev/taxsales/app/services/update_assessment.rb:15:in `block in run'
/Users/kgd/.rvm/gems/ruby-2.3.0/gems/activerecord-4.0.2/lib/active_record/relation/delegation.rb:13:in `each'
/Users/kgd/.rvm/gems/ruby-2.3.0/gems/activerecord-4.0.2/lib/active_record/relation/delegation.rb:13:in `each'
/Users/kgd/Desktop/dev/taxsales/app/services/update_assessment.rb:13:in `run'
/Users/kgd/Desktop/dev/taxsales/lib/tasks/update_database.rake:11:in `block (2 levels) in <top (required)>'
/Users/kgd/.rvm/gems/ruby-2.3.0/gems/rake-11.2.2/exe/rake:27:in `<top (required)>'
/Users/kgd/.rvm/gems/ruby-2.3.0/bin/ruby_executable_hooks:15:in `eval'
/Users/kgd/.rvm/gems/ruby-2.3.0/bin/ruby_executable_hooks:15:in `<main>'
Tasks: TOP => update:assessment
(See full trace by running task with --trace)
/Users/kgd/.rvm/gems/ruby-2.3.0/gems/activesupport-4.0.2/lib/active_support/values/time_zone.rb:282: warning: circular argument reference - now
/Users/kgd/.rvm/gems/ruby-2.3.0/gems/activesupport-4.0.2/lib/active_support/values/time_zone.rb:282: warning: circular argument reference - now
/Users/kgd/.rvm/gems/ruby-2.3.0/gems/activesupport-4.0.2/lib/active_support/values/time_zone.rb:282: warning: circular argument reference - now
rake aborted!
NoMethodError: undefined method `[]' for nil:NilClass
/Users/kgd/Desktop/dev/taxsales/app/services/update_zillow.rb:49:in `get_prop_details'
/Users/kgd/Desktop/dev/taxsales/app/services/update_zillow.rb:35:in `block in get_valuation'
/Users/kgd/.rvm/gems/ruby-2.3.0/gems/activerecord-4.0.2/lib/active_record/relation/delegation.rb:13:in `each'
/Users/kgd/.rvm/gems/ruby-2.3.0/gems/activerecord-4.0.2/lib/active_record/relation/delegation.rb:13:in `each'
/Users/kgd/Desktop/dev/taxsales/app/services/update_zillow.rb:20:in `get_valuation'
/Users/kgd/Desktop/dev/taxsales/app/services/update_zillow.rb:9:in `run'
/Users/kgd/Desktop/dev/taxsales/lib/tasks/update_database.rake:17:in `block (2 levels) in <top (required)>'
/Users/kgd/.rvm/gems/ruby-2.3.0/gems/rake-11.2.2/exe/rake:27:in `<top (required)>'
/Users/kgd/.rvm/gems/ruby-2.3.0/bin/ruby_executable_hooks:15:in `eval'
/Users/kgd/.rvm/gems/ruby-2.3.0/bin/ruby_executable_hooks:15:in `<main>'
Tasks: TOP => update:zillow
(See full trace by running task with --trace)
*** Update Zillow ***
*** Update Tax Bill ***
adding defaulted amount
*** END Update Tax Bill ***
rake aborted!
NoMethodError: undefined method `text' for nil:NilClass
/Users/kgd/Desktop/dev/taxsales/app/services/update_assessment.rb:76:in `get_aerial'
/Users/kgd/Desktop/dev/taxsales/app/services/update_assessment.rb:14:in `block in run'
/Users/kgd/.rvm/gems/ruby-2.3.0/gems/activerecord-4.0.2/lib/active_record/relation/delegation.rb:13:in `each'
/Users/kgd/.rvm/gems/ruby-2.3.0/gems/activerecord-4.0.2/lib/active_record/relation/delegation.rb:13:in `each'
/Users/kgd/Desktop/dev/taxsales/app/services/update_assessment.rb:13:in `run'
/Users/kgd/Desktop/dev/taxsales/lib/tasks/update_database.rake:11:in `block (2 levels) in <top (required)>'
/Users/kgd/.rvm/gems/ruby-2.3.0/gems/rake-11.2.2/exe/rake:27:in `<top (required)>'
/Users/kgd/.rvm/gems/ruby-2.3.0/bin/ruby_executable_hooks:15:in `eval'
/Users/kgd/.rvm/gems/ruby-2.3.0/bin/ruby_executable_hooks:15:in `<main>'
Tasks: TOP => update:assessment
(See full trace by running task with --trace)
*** UpdateAssessment ***
Finding props
getting IP
Mechanizing
proxy connection error
getting IP
Mechanizing
proxy connection error
getting IP
Mechanizing
proxy connection error
getting IP
Mechanizing
proxy connection error
getting IP
Mechanizing
proxy connection error
getting IP
Mechanizing
proxy connection error
getting IP
Mechanizing
proxy connection error
getting IP
Mechanizing
proxy connection error
getting IP
Mechanizing
/Users/kgd/.rvm/gems/ruby-2.3.0/gems/activesupport-4.0.2/lib/active_support/values/time_zone.rb:282: warning: circular argument reference - now
/Users/kgd/.rvm/gems/ruby-2.3.0/gems/activesupport-4.0.2/lib/active_support/values/time_zone.rb:282: warning: circular argument reference - now
/Users/kgd/.rvm/gems/ruby-2.3.0/gems/activesupport-4.0.2/lib/active_support/values/time_zone.rb:282: warning: circular argument reference - now
rake aborted!
NoMethodError: undefined method `[]' for nil:NilClass
/Users/kgd/Desktop/dev/taxsales/app/services/update_zillow.rb:49:in `get_prop_details'
/Users/kgd/Desktop/dev/taxsales/app/services/update_zillow.rb:35:in `block in get_valuation'
/Users/kgd/.rvm/gems/ruby-2.3.0/gems/activerecord-4.0.2/lib/active_record/relation/delegation.rb:13:in `each'
/Users/kgd/.rvm/gems/ruby-2.3.0/gems/activerecord-4.0.2/lib/active_record/relation/delegation.rb:13:in `each'
/Users/kgd/Desktop/dev/taxsales/app/services/update_zillow.rb:20:in `get_valuation'
/Users/kgd/Desktop/dev/taxsales/app/services/update_zillow.rb:9:in `run'
/Users/kgd/Desktop/dev/taxsales/lib/tasks/update_database.rake:17:in `block (2 levels) in <top (required)>'
/Users/kgd/.rvm/gems/ruby-2.3.0/gems/rake-11.2.2/exe/rake:27:in `<top (required)>'
/Users/kgd/.rvm/gems/ruby-2.3.0/bin/ruby_executable_hooks:15:in `eval'
/Users/kgd/.rvm/gems/ruby-2.3.0/bin/ruby_executable_hooks:15:in `<main>'
Tasks: TOP => update:zillow
(See full trace by running task with --trace)
*** Update Zillow ***
*** Update Tax Bill ***
adding defaulted amount
*** END Update Tax Bill ***
*** UpdateAssessment ***
Finding props
getting IP
Mechanizing
proxy connection error
getting IP
Mechanizing
proxy connection error
getting IP
Mechanizing
proxy connection error
getting IP
Mechanizing
proxy connection error
getting IP
Mechanizing
proxy connection error
getting IP
Mechanizing
proxy connection error
getting IP
Mechanizing
proxy connection error
getting IP
Mechanizing
proxy connection error
getting IP
Mechanizing
proxy connection error
getting IP
Mechanizing
proxy connection error
getting IP
Mechanizing
proxy connection error
getting IP
Mechanizing
proxy connection error
getting IP
Mechanizing
proxy connection error
getting IP
Mechanizing
proxy connection error
getting IP
Mechanizing
adding formatted address
Saving image locally
*** END UpdateAssessment ***
/Users/kgd/.rvm/gems/ruby-2.3.0/gems/activesupport-4.0.2/lib/active_support/values/time_zone.rb:282: warning: circular argument reference - now
/Users/kgd/.rvm/gems/ruby-2.3.0/gems/activesupport-4.0.2/lib/active_support/values/time_zone.rb:282: warning: circular argument reference - now
/Users/kgd/.rvm/gems/ruby-2.3.0/gems/activesupport-4.0.2/lib/active_support/values/time_zone.rb:282: warning: circular argument reference - now
*** Update Zillow ***
property not found
*** END Update Zillow ***
*** Update Tax Bill ***
adding defaulted amount
*** END Update Tax Bill ***
*** UpdateAssessment ***
Finding props
getting IP
Mechanizing
proxy connection error
getting IP
Mechanizing
adding formatted address
Saving image locally
*** END UpdateAssessment ***
/Users/kgd/.rvm/gems/ruby-2.3.0/gems/activesupport-4.0.2/lib/active_support/values/time_zone.rb:282: warning: circular argument reference - now
/Users/kgd/.rvm/gems/ruby-2.3.0/gems/activesupport-4.0.2/lib/active_support/values/time_zone.rb:282: warning: circular argument reference - now
/Users/kgd/.rvm/gems/ruby-2.3.0/gems/activesupport-4.0.2/lib/active_support/values/time_zone.rb:282: warning: circular argument reference - now
*** Update Zillow ***
property not found
*** END Update Zillow ***
*** Update Tax Bill ***
adding defaulted amount
*** END Update Tax Bill ***
*** UpdateAssessment ***
Finding props
getting IP
Mechanizing
proxy connection error
getting IP
Mechanizing
adding formatted address
Saving image locally
*** END UpdateAssessment ***
/Users/kgd/.rvm/gems/ruby-2.3.0/gems/activesupport-4.0.2/lib/active_support/values/time_zone.rb:282: warning: circular argument reference - now
/Users/kgd/.rvm/gems/ruby-2.3.0/gems/activesupport-4.0.2/lib/active_support/values/time_zone.rb:282: warning: circular argument reference - now
/Users/kgd/.rvm/gems/ruby-2.3.0/gems/activesupport-4.0.2/lib/active_support/values/time_zone.rb:282: warning: circular argument reference - now
rake aborted!
NoMethodError: undefined method `[]' for nil:NilClass
/Users/kgd/Desktop/dev/taxsales/app/services/update_zillow.rb:49:in `get_prop_details'
/Users/kgd/Desktop/dev/taxsales/app/services/update_zillow.rb:35:in `block in get_valuation'
/Users/kgd/.rvm/gems/ruby-2.3.0/gems/activerecord-4.0.2/lib/active_record/relation/delegation.rb:13:in `each'
/Users/kgd/.rvm/gems/ruby-2.3.0/gems/activerecord-4.0.2/lib/active_record/relation/delegation.rb:13:in `each'
/Users/kgd/Desktop/dev/taxsales/app/services/update_zillow.rb:20:in `get_valuation'
/Users/kgd/Desktop/dev/taxsales/app/services/update_zillow.rb:9:in `run'
/Users/kgd/Desktop/dev/taxsales/lib/tasks/update_database.rake:17:in `block (2 levels) in <top (required)>'
/Users/kgd/.rvm/gems/ruby-2.3.0/gems/rake-11.2.2/exe/rake:27:in `<top (required)>'
/Users/kgd/.rvm/gems/ruby-2.3.0/bin/ruby_executable_hooks:15:in `eval'
/Users/kgd/.rvm/gems/ruby-2.3.0/bin/ruby_executable_hooks:15:in `<main>'
Tasks: TOP => update:zillow
(See full trace by running task with --trace)
*** Update Zillow ***
*** Update Tax Bill ***
adding defaulted amount
*** END Update Tax Bill ***
*** UpdateAssessment ***
Finding props
getting IP
Mechanizing
proxy connection error
getting IP
Mechanizing
proxy connection error
getting IP
Mechanizing
proxy connection error
getting IP
Mechanizing
proxy connection error
getting IP
Mechanizing
proxy connection error
getting IP
Mechanizing
proxy connection error
getting IP
Mechanizing
proxy connection error
getting IP
Mechanizing
proxy connection error
getting IP
Mechanizing
proxy connection error
getting IP
Mechanizing
proxy connection error
getting IP
Mechanizing
proxy connection error
getting IP
Mechanizing
proxy connection error
getting IP
Mechanizing
proxy connection error
getting IP
Mechanizing
proxy connection error
getting IP
Mechanizing
adding formatted address
Saving image locally
*** END UpdateAssessment ***
/Users/kgd/.rvm/gems/ruby-2.3.0/gems/activesupport-4.0.2/lib/active_support/values/time_zone.rb:282: warning: circular argument reference - now
/Users/kgd/.rvm/gems/ruby-2.3.0/gems/activesupport-4.0.2/lib/active_support/values/time_zone.rb:282: warning: circular argument reference - now
/Users/kgd/.rvm/gems/ruby-2.3.0/gems/activesupport-4.0.2/lib/active_support/values/time_zone.rb:282: warning: circular argument reference - now
rake aborted!
NoMethodError: undefined method `[]' for nil:NilClass
/Users/kgd/Desktop/dev/taxsales/app/services/update_zillow.rb:49:in `get_prop_details'
/Users/kgd/Desktop/dev/taxsales/app/services/update_zillow.rb:35:in `block in get_valuation'
/Users/kgd/.rvm/gems/ruby-2.3.0/gems/activerecord-4.0.2/lib/active_record/relation/delegation.rb:13:in `each'
/Users/kgd/.rvm/gems/ruby-2.3.0/gems/activerecord-4.0.2/lib/active_record/relation/delegation.rb:13:in `each'
/Users/kgd/Desktop/dev/taxsales/app/services/update_zillow.rb:20:in `get_valuation'
/Users/kgd/Desktop/dev/taxsales/app/services/update_zillow.rb:9:in `run'
/Users/kgd/Desktop/dev/taxsales/lib/tasks/update_database.rake:17:in `block (2 levels) in <top (required)>'
/Users/kgd/.rvm/gems/ruby-2.3.0/gems/rake-11.2.2/exe/rake:27:in `<top (required)>'
/Users/kgd/.rvm/gems/ruby-2.3.0/bin/ruby_executable_hooks:15:in `eval'
/Users/kgd/.rvm/gems/ruby-2.3.0/bin/ruby_executable_hooks:15:in `<main>'
Tasks: TOP => update:zillow
(See full trace by running task with --trace)
*** Update Zillow ***
*** Update Tax Bill ***
adding defaulted amount
*** END Update Tax Bill ***
*** UpdateAssessment ***
Finding props
getting IP
Mechanizing
proxy connection error
getting IP
Mechanizing
proxy connection error
getting IP
Mechanizing
proxy connection error
getting IP
Mechanizing
proxy connection error
getting IP
Mechanizing
adding formatted address
Saving image locally
*** END UpdateAssessment ***
/Users/kgd/.rvm/gems/ruby-2.3.0/gems/activesupport-4.0.2/lib/active_support/values/time_zone.rb:282: warning: circular argument reference - now
/Users/kgd/.rvm/gems/ruby-2.3.0/gems/activesupport-4.0.2/lib/active_support/values/time_zone.rb:282: warning: circular argument reference - now
/Users/kgd/.rvm/gems/ruby-2.3.0/gems/activesupport-4.0.2/lib/active_support/values/time_zone.rb:282: warning: circular argument reference - now
rake aborted!
NoMethodError: undefined method `[]' for nil:NilClass
/Users/kgd/Desktop/dev/taxsales/app/services/update_zillow.rb:49:in `get_prop_details'
/Users/kgd/Desktop/dev/taxsales/app/services/update_zillow.rb:35:in `block in get_valuation'
/Users/kgd/.rvm/gems/ruby-2.3.0/gems/activerecord-4.0.2/lib/active_record/relation/delegation.rb:13:in `each'
/Users/kgd/.rvm/gems/ruby-2.3.0/gems/activerecord-4.0.2/lib/active_record/relation/delegation.rb:13:in `each'
/Users/kgd/Desktop/dev/taxsales/app/services/update_zillow.rb:20:in `get_valuation'
/Users/kgd/Desktop/dev/taxsales/app/services/update_zillow.rb:9:in `run'
/Users/kgd/Desktop/dev/taxsales/lib/tasks/update_database.rake:17:in `block (2 levels) in <top (required)>'
/Users/kgd/.rvm/gems/ruby-2.3.0/gems/rake-11.2.2/exe/rake:27:in `<top (required)>'
/Users/kgd/.rvm/gems/ruby-2.3.0/bin/ruby_executable_hooks:15:in `eval'
/Users/kgd/.rvm/gems/ruby-2.3.0/bin/ruby_executable_hooks:15:in `<main>'
Tasks: TOP => update:zillow
(See full trace by running task with --trace)
*** Update Zillow ***
*** Update Tax Bill ***
adding defaulted amount
*** END Update Tax Bill ***
*** UpdateAssessment ***
Finding props
getting IP
Mechanizing
proxy connection error
getting IP
Mechanizing
proxy connection error
getting IP
Mechanizing
proxy connection error
getting IP
Mechanizing
proxy connection error
getting IP
Mechanizing
proxy connection error
getting IP
Mechanizing
adding formatted address
Saving image locally
*** END UpdateAssessment ***
/Users/kgd/.rvm/gems/ruby-2.3.0/gems/activesupport-4.0.2/lib/active_support/values/time_zone.rb:282: warning: circular argument reference - now
/Users/kgd/.rvm/gems/ruby-2.3.0/gems/activesupport-4.0.2/lib/active_support/values/time_zone.rb:282: warning: circular argument reference - now
/Users/kgd/.rvm/gems/ruby-2.3.0/gems/activesupport-4.0.2/lib/active_support/values/time_zone.rb:282: warning: circular argument reference - now
rake aborted!
NoMethodError: undefined method `[]' for nil:NilClass
/Users/kgd/Desktop/dev/taxsales/app/services/update_zillow.rb:49:in `get_prop_details'
/Users/kgd/Desktop/dev/taxsales/app/services/update_zillow.rb:35:in `block in get_valuation'
/Users/kgd/.rvm/gems/ruby-2.3.0/gems/activerecord-4.0.2/lib/active_record/relation/delegation.rb:13:in `each'
/Users/kgd/.rvm/gems/ruby-2.3.0/gems/activerecord-4.0.2/lib/active_record/relation/delegation.rb:13:in `each'
/Users/kgd/Desktop/dev/taxsales/app/services/update_zillow.rb:20:in `get_valuation'
/Users/kgd/Desktop/dev/taxsales/app/services/update_zillow.rb:9:in `run'
/Users/kgd/Desktop/dev/taxsales/lib/tasks/update_database.rake:17:in `block (2 levels) in <top (required)>'
/Users/kgd/.rvm/gems/ruby-2.3.0/gems/rake-11.2.2/exe/rake:27:in `<top (required)>'
/Users/kgd/.rvm/gems/ruby-2.3.0/bin/ruby_executable_hooks:15:in `eval'
/Users/kgd/.rvm/gems/ruby-2.3.0/bin/ruby_executable_hooks:15:in `<main>'
Tasks: TOP => update:zillow
(See full trace by running task with --trace)
*** Update Zillow ***
*** Update Tax Bill ***
adding defaulted amount
*** END Update Tax Bill ***
*** UpdateAssessment ***
Finding props
getting IP
Mechanizing
proxy connection error
getting IP
Mechanizing
proxy connection error
getting IP
Mechanizing
adding formatted address
Saving image locally
*** END UpdateAssessment ***
/Users/kgd/.rvm/gems/ruby-2.3.0/gems/activesupport-4.0.2/lib/active_support/values/time_zone.rb:282: warning: circular argument reference - now
/Users/kgd/.rvm/gems/ruby-2.3.0/gems/activesupport-4.0.2/lib/active_support/values/time_zone.rb:282: warning: circular argument reference - now
/Users/kgd/.rvm/gems/ruby-2.3.0/gems/activesupport-4.0.2/lib/active_support/values/time_zone.rb:282: warning: circular argument reference - now
rake aborted!
NoMethodError: undefined method `[]' for nil:NilClass
/Users/kgd/Desktop/dev/taxsales/app/services/update_zillow.rb:49:in `get_prop_details'
/Users/kgd/Desktop/dev/taxsales/app/services/update_zillow.rb:35:in `block in get_valuation'
/Users/kgd/.rvm/gems/ruby-2.3.0/gems/activerecord-4.0.2/lib/active_record/relation/delegation.rb:13:in `each'
/Users/kgd/.rvm/gems/ruby-2.3.0/gems/activerecord-4.0.2/lib/active_record/relation/delegation.rb:13:in `each'
/Users/kgd/Desktop/dev/taxsales/app/services/update_zillow.rb:20:in `get_valuation'
/Users/kgd/Desktop/dev/taxsales/app/services/update_zillow.rb:9:in `run'
/Users/kgd/Desktop/dev/taxsales/lib/tasks/update_database.rake:17:in `block (2 levels) in <top (required)>'
/Users/kgd/.rvm/gems/ruby-2.3.0/gems/rake-11.2.2/exe/rake:27:in `<top (required)>'
/Users/kgd/.rvm/gems/ruby-2.3.0/bin/ruby_executable_hooks:15:in `eval'
/Users/kgd/.rvm/gems/ruby-2.3.0/bin/ruby_executable_hooks:15:in `<main>'
Tasks: TOP => update:zillow
(See full trace by running task with --trace)
*** Update Zillow ***
*** Update Tax Bill ***
adding defaulted amount
*** END Update Tax Bill ***
*** UpdateAssessment ***
Finding props
getting IP
Mechanizing
proxy connection error
getting IP
Mechanizing
proxy connection error
getting IP
Mechanizing
proxy connection error
getting IP
Mechanizing
proxy connection error
getting IP
Mechanizing
proxy connection error
getting IP
Mechanizing
adding formatted address
Saving image locally
*** END UpdateAssessment ***
/Users/kgd/.rvm/gems/ruby-2.3.0/gems/activesupport-4.0.2/lib/active_support/values/time_zone.rb:282: warning: circular argument reference - now
/Users/kgd/.rvm/gems/ruby-2.3.0/gems/activesupport-4.0.2/lib/active_support/values/time_zone.rb:282: warning: circular argument reference - now
/Users/kgd/.rvm/gems/ruby-2.3.0/gems/activesupport-4.0.2/lib/active_support/values/time_zone.rb:282: warning: circular argument reference - now
rake aborted!
NoMethodError: undefined method `[]' for nil:NilClass
/Users/kgd/Desktop/dev/taxsales/app/services/update_zillow.rb:49:in `get_prop_details'
/Users/kgd/Desktop/dev/taxsales/app/services/update_zillow.rb:35:in `block in get_valuation'
/Users/kgd/.rvm/gems/ruby-2.3.0/gems/activerecord-4.0.2/lib/active_record/relation/delegation.rb:13:in `each'
/Users/kgd/.rvm/gems/ruby-2.3.0/gems/activerecord-4.0.2/lib/active_record/relation/delegation.rb:13:in `each'
/Users/kgd/Desktop/dev/taxsales/app/services/update_zillow.rb:20:in `get_valuation'
/Users/kgd/Desktop/dev/taxsales/app/services/update_zillow.rb:9:in `run'
/Users/kgd/Desktop/dev/taxsales/lib/tasks/update_database.rake:17:in `block (2 levels) in <top (required)>'
/Users/kgd/.rvm/gems/ruby-2.3.0/gems/rake-11.2.2/exe/rake:27:in `<top (required)>'
/Users/kgd/.rvm/gems/ruby-2.3.0/bin/ruby_executable_hooks:15:in `eval'
/Users/kgd/.rvm/gems/ruby-2.3.0/bin/ruby_executable_hooks:15:in `<main>'
Tasks: TOP => update:zillow
(See full trace by running task with --trace)
*** Update Zillow ***
*** Update Tax Bill ***
adding defaulted amount
*** END Update Tax Bill ***
*** UpdateAssessment ***
Finding props
getting IP
Mechanizing
proxy connection error
getting IP
Mechanizing
proxy connection error
getting IP
Mechanizing
proxy connection error
getting IP
Mechanizing
proxy connection error
getting IP
Mechanizing
proxy connection error
getting IP
Mechanizing
proxy connection error
getting IP
Mechanizing
proxy connection error
getting IP
Mechanizing
proxy connection error
getting IP
Mechanizing
proxy connection error
getting IP
Mechanizing
proxy connection error
getting IP
Mechanizing
proxy connection error
getting IP
Mechanizing
proxy connection error
getting IP
Mechanizing
proxy connection error
getting IP
Mechanizing
adding formatted address
Saving image locally
*** END UpdateAssessment ***
/Users/kgd/.rvm/gems/ruby-2.3.0/gems/activesupport-4.0.2/lib/active_support/values/time_zone.rb:282: warning: circular argument reference - now
/Users/kgd/.rvm/gems/ruby-2.3.0/gems/activesupport-4.0.2/lib/active_support/values/time_zone.rb:282: warning: circular argument reference - now
/Users/kgd/.rvm/gems/ruby-2.3.0/gems/activesupport-4.0.2/lib/active_support/values/time_zone.rb:282: warning: circular argument reference - now
rake aborted!
NoMethodError: undefined method `[]' for nil:NilClass
/Users/kgd/Desktop/dev/taxsales/app/services/update_zillow.rb:49:in `get_prop_details'
/Users/kgd/Desktop/dev/taxsales/app/services/update_zillow.rb:35:in `block in get_valuation'
/Users/kgd/.rvm/gems/ruby-2.3.0/gems/activerecord-4.0.2/lib/active_record/relation/delegation.rb:13:in `each'
/Users/kgd/.rvm/gems/ruby-2.3.0/gems/activerecord-4.0.2/lib/active_record/relation/delegation.rb:13:in `each'
/Users/kgd/Desktop/dev/taxsales/app/services/update_zillow.rb:20:in `get_valuation'
/Users/kgd/Desktop/dev/taxsales/app/services/update_zillow.rb:9:in `run'
/Users/kgd/Desktop/dev/taxsales/lib/tasks/update_database.rake:17:in `block (2 levels) in <top (required)>'
/Users/kgd/.rvm/gems/ruby-2.3.0/gems/rake-11.2.2/exe/rake:27:in `<top (required)>'
/Users/kgd/.rvm/gems/ruby-2.3.0/bin/ruby_executable_hooks:15:in `eval'
/Users/kgd/.rvm/gems/ruby-2.3.0/bin/ruby_executable_hooks:15:in `<main>'
Tasks: TOP => update:zillow
(See full trace by running task with --trace)
*** Update Zillow ***
*** Update Tax Bill ***
adding defaulted amount
*** END Update Tax Bill ***
*** UpdateAssessment ***
Finding props
getting IP
Mechanizing
proxy connection error
getting IP
Mechanizing
proxy connection error
getting IP
Mechanizing
adding formatted address
Saving image locally
*** END UpdateAssessment ***
